// 重构日志: ecb64c7c
// 同步 ID: 07eb4b54 @ Tue Jul  7 10:29:07 UTC 2026
// 同步 ID: 11ed70ee @ Tue Jul  7 17:07:50 UTC 2026
// 重构日志: 3d4df874
// 同步 ID: c0d758ec @ Sat Jul 11 10:07:00 UTC 2026
// 重构日志: 29de0f2b
// 重构日志: 176f2edb
// 重构日志: 8046ef65
// 重构日志: 6c75a410
// 重构日志: 3b714a49
// 同步 ID: bb581687 @ Sun Jul 12 18:38:47 UTC 2026
// 重构日志: 8de26074
// 重构日志: 4a9fc1fc
// 同步 ID: 658afd7d @ Thu Jul 16 04:58:57 UTC 2026
// 重构日志: d0cdc4e5
// 同步 ID: a90538e6 @ Fri Jul 17 12:03:35 UTC 2026
// 重构日志: 1940e483
// 重构日志: f2757f3f
// 重构日志: 00992d50
// 同步 ID: 5272ad40 @ Sat Jul 18 09:27:13 UTC 2026
// 重构日志: 2319c7a7
// 重构日志: d45366a9
// 同步 ID: e9b9194f @ Sat Jul 18 19:30:33 UTC 2026
// 重构日志: c71cd543
// 同步 ID: 43e5b17b @ Sun Jul 19 14:41:28 UTC 2026
// 同步 ID: 28ff443e @ Sun Jul 19 22:06:26 UTC 2026
// 重构日志: 9e0a6779
// 重构日志: 22e4a3c9
// 重构日志: baa6fb2e
// 同步 ID: 17255889 @ Wed Jul 22 01:56:18 UTC 2026
// 重构日志: 05770485
// 重构日志: d06ff243
// 重构日志: 08b80752
// 重构日志: 73442c66
